Using pre-set license

 COMMAND LINE ARGUMENTS:
/Applications/Unity/Hub/Editor/2020.3.15f2/Unity.app/Contents/MacOS/Unity
-adb2
-batchMode
-noUpm
-name
AssetImportWorker3
-projectPath
/Users/seungwoosim/Documents/GitHub/Mask-Project
-logFile
Logs/AssetImportWorker3.log
-srvPort
49935
Successfully changed project path to: /Users/seungwoosim/Documents/GitHub/Mask-Project
/Users/seungwoosim/Documents/GitHub/Mask-Project
Using Asset Import Pipeline V2.
Refreshing native plugins compatible for Editor in 192.65 ms, found 2 plugins.
Preloading 0 native plugins for Editor in 0.00 ms.
Initialize engine version: 2020.3.15f2 (6cf78cb77498)
[Subsystems] Discovering subsystems at path /Applications/Unity/Hub/Editor/2020.3.15f2/Unity.app/Contents/Resources/UnitySubsystems
[Subsystems] Discovering subsystems at path /Users/seungwoosim/Documents/GitHub/Mask-Project/Assets
GfxDevice: creating device client; threaded=0
2021-09-13 13:56:22.134 Unity[6336:23998804] Color LCD preferred device: Intel HD Graphics 4000 (low power)
2021-09-13 13:56:22.134 Unity[6336:23998804] Metal devices available: 1
2021-09-13 13:56:22.134 Unity[6336:23998804] 0: Intel HD Graphics 4000 (low power)
2021-09-13 13:56:22.135 Unity[6336:23998804] Using device Intel HD Graphics 4000 (low power)
Initializing Metal device caps: Intel HD Graphics 4000
Initialize mono
Mono path[0] = '/Applications/Unity/Hub/Editor/2020.3.15f2/Unity.app/Contents/Managed'
Mono path[1] = '/Applications/Unity/Hub/Editor/2020.3.15f2/Unity.app/Contents/MonoBleedingEdge/lib/mono/unityjit'
Mono config path = '/Applications/Unity/Hub/Editor/2020.3.15f2/Unity.app/Contents/MonoBleedingEdge/etc'
Using monoOptions --debugger-agent=transport=dt_socket,embedding=1,server=y,suspend=n,address=127.0.0.1:56336
Begin MonoManager ReloadAssembly
Registering precompiled unity dll's ...
Register platform support module: /Applications/Unity/Hub/Editor/2020.3.15f2/Unity.app/Contents/PlaybackEngines/MacStandaloneSupport/UnityEditor.OSXStandalone.Extensions.dll
Registered in 0.004053 seconds.
Native extension for OSXStandalone target not found
Refreshing native plugins compatible for Editor in 84.26 ms, found 2 plugins.
Preloading 0 native plugins for Editor in 0.00 ms.
Mono: successfully reloaded assembly
- Completed reload, in 13.721 seconds
Domain Reload Profiling:
	ReloadAssembly (13722ms)
		BeginReloadAssembly (111ms)
			ExecutionOrderSort (0ms)
			DisableScriptedObjects (0ms)
			BackupInstance (0ms)
			ReleaseScriptingObjects (0ms)
			CreateAndSetChildDomain (2ms)
		EndReloadAssembly (1391ms)
			LoadAssemblies (112ms)
			RebuildTransferFunctionScriptingTraits (0ms)
			SetupTypeCache (655ms)
			ReleaseScriptCaches (0ms)
			RebuildScriptCaches (93ms)
			SetupLoadedEditorAssemblies (510ms)
				LogAssemblyErrors (0ms)
				InitializePlatformSupportModulesInManaged (10ms)
				SetLoadedEditorAssemblies (0ms)
				RefreshPlugins (84ms)
				BeforeProcessingInitializeOnLoad (67ms)
				ProcessInitializeOnLoadAttributes (260ms)
				ProcessInitializeOnLoadMethodAttributes (88ms)
				AfterProcessingInitializeOnLoad (0ms)
				EditorAssembliesLoaded (0ms)
			ExecutionOrderSort2 (0ms)
			AwakeInstancesAfterBackupRestoration (0ms)
Platform modules already initialized, skipping
Registering precompiled user dll's ...
Registered in 0.021746 seconds.
Begin MonoManager ReloadAssembly
Native extension for OSXStandalone target not found
Refreshing native plugins compatible for Editor in 1.30 ms, found 2 plugins.
Preloading 0 native plugins for Editor in 0.00 ms.
Mono: successfully reloaded assembly
- Completed reload, in  3.613 seconds
Domain Reload Profiling:
	ReloadAssembly (3616ms)
		BeginReloadAssembly (377ms)
			ExecutionOrderSort (0ms)
			DisableScriptedObjects (11ms)
			BackupInstance (0ms)
			ReleaseScriptingObjects (0ms)
			CreateAndSetChildDomain (68ms)
		EndReloadAssembly (2955ms)
			LoadAssemblies (303ms)
			RebuildTransferFunctionScriptingTraits (0ms)
			SetupTypeCache (958ms)
			ReleaseScriptCaches (1ms)
			RebuildScriptCaches (233ms)
			SetupLoadedEditorAssemblies (1078ms)
				LogAssemblyErrors (0ms)
				InitializePlatformSupportModulesInManaged (11ms)
				SetLoadedEditorAssemblies (1ms)
				RefreshPlugins (1ms)
				BeforeProcessingInitializeOnLoad (206ms)
				ProcessInitializeOnLoadAttributes (840ms)
				ProcessInitializeOnLoadMethodAttributes (15ms)
				AfterProcessingInitializeOnLoad (4ms)
				EditorAssembliesLoaded (1ms)
			ExecutionOrderSort2 (0ms)
			AwakeInstancesAfterBackupRestoration (26ms)
Platform modules already initialized, skipping
========================================================================
Worker process is ready to serve import requests
Launching external process: /Applications/Unity/Hub/Editor/2020.3.15f2/Unity.app/Contents/Tools/UnityShaderCompiler
Launched and connected shader compiler UnityShaderCompiler after 0.05 seconds
Refreshing native plugins compatible for Editor in 2.54 ms, found 2 plugins.
Preloading 0 native plugins for Editor in 0.00 ms.
Unloading 1860 Unused Serialized files (Serialized files now loaded: 0)
System memory in use before: 231.4 MB.
System memory in use after: 231.4 MB.

Unloading 90 unused Assets to reduce memory usage. Loaded Objects now: 2233.
Total: 34.370049 ms (FindLiveObjects: 3.331740 ms CreateObjectMapping: 0.238005 ms MarkObjects: 27.315470 ms  DeleteObjects: 3.480398 ms)

AssetImportParameters requested are different than current active one (requested -> active):
  custom:video-decoder-ogg-theora: a1e56fd34408186e4bbccfd4996cb3dc -> 
  custom:container-muxer-webm: aa71ff27fc2769a1b78a27578f13a17b -> 
  custom:container-demuxer-webm: 4f35f7cbe854078d1ac9338744f61a02 -> 
  custom:container-demuxer-ogg: 62fdf1f143b41e24485cea50d1cbac27 -> 
  custom:video-encoder-webm-vp8: eb34c28f22e8b96e1ab97ce403110664 -> 
  custom:framework-osx-AVFoundation: b23960f63f64bdc6ff669e2cdcee2391 -> 
  custom:video-decoder-webm-vp8: 9c59270c3fd7afecdb556c50c9e8de78 -> 
  custom:audio-decoder-ogg-vorbis: bf7c407c2cedff20999df2af8eb42d56 -> 
  custom:audio-encoder-webm-vorbis: bf7c407c2cedff20999df2af8eb42d56 -> 
========================================================================
Received Import Request.
  path: Assets/Materials/3.1. Login - light.png
  artifactKey: Guid(0924a39280f5c46699f39f2dad72336f) Importer(815301076,1909f56bfc062723c751e8b465ee728b)
Start importing Assets/Materials/3.1. Login - light.png using Guid(0924a39280f5c46699f39f2dad72336f) Importer(815301076,1909f56bfc062723c751e8b465ee728b)  -> (artifact id: 'ff7c75c61ec6815d3e2430641225d1b1') in 2.039243 seconds 
  Import took 2.079748 seconds .

========================================================================
Received Import Request.
  Time since last request: 502.795101 seconds.
  path: Assets/Materials/button.png
  artifactKey: Guid(c8661f4b571a3429087b95cde5b2cdc1) Importer(815301076,1909f56bfc062723c751e8b465ee728b)
Start importing Assets/Materials/button.png using Guid(c8661f4b571a3429087b95cde5b2cdc1) Importer(815301076,1909f56bfc062723c751e8b465ee728b)  -> (artifact id: 'fb567c2e224fc581704476b839cb6809') in 0.120308 seconds 
  Import took 0.175938 seconds .

========================================================================
Received Import Request.
  Time since last request: 19.013323 seconds.
  path: Assets/Materials/button.png
  artifactKey: Guid(c8661f4b571a3429087b95cde5b2cdc1) Importer(815301076,1909f56bfc062723c751e8b465ee728b)
Start importing Assets/Materials/button.png using Guid(c8661f4b571a3429087b95cde5b2cdc1) Importer(815301076,1909f56bfc062723c751e8b465ee728b)  -> (artifact id: '0cb7f16e23e99182acb8c69732cd84e3') in 0.374475 seconds 
  Import took 0.394516 seconds .

========================================================================
Received Import Request.
  Time since last request: 300.928094 seconds.
  path: Assets/Materials/button-2.png
  artifactKey: Guid(79f641d5a566941ccafb5257fd3c0d7c) Importer(815301076,1909f56bfc062723c751e8b465ee728b)
Start importing Assets/Materials/button-2.png using Guid(79f641d5a566941ccafb5257fd3c0d7c) Importer(815301076,1909f56bfc062723c751e8b465ee728b)  -> (artifact id: '6a488936bd9d8c63c45d4c36d3886189') in 0.103916 seconds 
  Import took 0.169063 seconds .

========================================================================
Received Import Request.
  Time since last request: 462.144310 seconds.
  path: Assets/Materials/backup.png
  artifactKey: Guid(2019dc85ddea841daa6e784529d74260) Importer(815301076,1909f56bfc062723c751e8b465ee728b)
Start importing Assets/Materials/backup.png using Guid(2019dc85ddea841daa6e784529d74260) Importer(815301076,1909f56bfc062723c751e8b465ee728b)  -> (artifact id: 'fb9ff6f0d8bc801a5a3499d502691ca4') in 0.116966 seconds 
  Import took 0.169965 seconds .

========================================================================
Received Import Request.
  Time since last request: 512.582915 seconds.
  path: Assets/Materials/default.png
  artifactKey: Guid(b656337e7aaa14b689e2a273e32e47f3) Importer(815301076,1909f56bfc062723c751e8b465ee728b)
Start importing Assets/Materials/default.png using Guid(b656337e7aaa14b689e2a273e32e47f3) Importer(815301076,1909f56bfc062723c751e8b465ee728b)  -> (artifact id: '36c5676958beaade32fb25612b8b3b1a') in 0.135817 seconds 
  Import took 0.186349 seconds .

========================================================================
Received Import Request.
  Time since last request: 7.815186 seconds.
  path: Assets/Materials/default.png
  artifactKey: Guid(b656337e7aaa14b689e2a273e32e47f3) Importer(815301076,1909f56bfc062723c751e8b465ee728b)
Start importing Assets/Materials/default.png using Guid(b656337e7aaa14b689e2a273e32e47f3) Importer(815301076,1909f56bfc062723c751e8b465ee728b)  -> (artifact id: '65e7441fbcaf9ca4429b8002463d2d8d') in 0.093635 seconds 
  Import took 0.102619 seconds .

