Using pre-set license

 COMMAND LINE ARGUMENTS:
/Applications/Unity/Hub/Editor/2020.3.15f2/Unity.app/Contents/MacOS/Unity
-adb2
-batchMode
-noUpm
-name
AssetImportWorker2
-projectPath
/Users/seungwoosim/Documents/GitHub/Mask-Project
-logFile
Logs/AssetImportWorker2.log
-srvPort
49935
Successfully changed project path to: /Users/seungwoosim/Documents/GitHub/Mask-Project
/Users/seungwoosim/Documents/GitHub/Mask-Project
Using Asset Import Pipeline V2.
Refreshing native plugins compatible for Editor in 1311.00 ms, found 2 plugins.
Preloading 0 native plugins for Editor in 0.00 ms.
Initialize engine version: 2020.3.15f2 (6cf78cb77498)
[Subsystems] Discovering subsystems at path /Applications/Unity/Hub/Editor/2020.3.15f2/Unity.app/Contents/Resources/UnitySubsystems
[Subsystems] Discovering subsystems at path /Users/seungwoosim/Documents/GitHub/Mask-Project/Assets
GfxDevice: creating device client; threaded=0
2021-09-13 13:49:48.575 Unity[5644:23976350] Color LCD preferred device: Intel HD Graphics 4000 (low power)
2021-09-13 13:49:48.575 Unity[5644:23976350] Metal devices available: 1
2021-09-13 13:49:48.575 Unity[5644:23976350] 0: Intel HD Graphics 4000 (low power)
2021-09-13 13:49:48.582 Unity[5644:23976350] Using device Intel HD Graphics 4000 (low power)
Initializing Metal device caps: Intel HD Graphics 4000
Initialize mono
Mono path[0] = '/Applications/Unity/Hub/Editor/2020.3.15f2/Unity.app/Contents/Managed'
Mono path[1] = '/Applications/Unity/Hub/Editor/2020.3.15f2/Unity.app/Contents/MonoBleedingEdge/lib/mono/unityjit'
Mono config path = '/Applications/Unity/Hub/Editor/2020.3.15f2/Unity.app/Contents/MonoBleedingEdge/etc'
Using monoOptions --debugger-agent=transport=dt_socket,embedding=1,server=y,suspend=n,address=127.0.0.1:56644
Begin MonoManager ReloadAssembly
